<?xml version="1.0" encoding="UTF-8"?>
<coverage generated="1575373138086" clover="3.2.0">
  <project timestamp="1575373138087" name="All files">
    <metrics statements="54" coveredstatements="54" conditionals="16" coveredconditionals="14" methods="11" coveredmethods="11" elements="81" coveredelements="79" complexity="0" loc="54" ncloc="54" packages="1" files="3" classes="3"/>
    <file name="ball.js" path="/Users/jessielonsdale/wordball-react/client/src/model/ball.js">
      <metrics statements="39" coveredstatements="39" conditionals="12" coveredconditionals="12" methods="8" coveredmethods="8"/>
      <line num="4" count="13" type="stmt"/>
      <line num="5" count="13" type="stmt"/>
      <line num="6" count="13" type="stmt"/>
      <line num="8" count="13" type="stmt"/>
      <line num="9" count="13" type="stmt"/>
      <line num="10" count="13" type="stmt"/>
      <line num="11" count="13" type="stmt"/>
      <line num="12" count="13" type="stmt"/>
      <line num="14" count="13" type="stmt"/>
      <line num="16" count="13" type="stmt"/>
      <line num="17" count="13" type="stmt"/>
      <line num="18" count="13" type="stmt"/>
      <line num="19" count="13" type="stmt"/>
      <line num="23" count="7" type="cond" truecount="2" falsecount="0"/>
      <line num="24" count="6" type="stmt"/>
      <line num="25" count="6" type="stmt"/>
      <line num="26" count="6" type="stmt"/>
      <line num="27" count="6" type="stmt"/>
      <line num="28" count="6" type="stmt"/>
      <line num="33" count="3" type="cond" truecount="4" falsecount="0"/>
      <line num="34" count="1" type="stmt"/>
      <line num="39" count="3" type="stmt"/>
      <line num="43" count="1" type="stmt"/>
      <line num="44" count="1" type="stmt"/>
      <line num="48" count="1" type="stmt"/>
      <line num="49" count="1" type="stmt"/>
      <line num="50" count="1" type="stmt"/>
      <line num="51" count="1" type="stmt"/>
      <line num="52" count="1" type="stmt"/>
      <line num="56" count="1" type="stmt"/>
      <line num="60" count="5" type="cond" truecount="2" falsecount="0"/>
      <line num="61" count="1" type="stmt"/>
      <line num="62" count="1" type="stmt"/>
      <line num="64" count="5" type="cond" truecount="2" falsecount="0"/>
      <line num="65" count="1" type="stmt"/>
      <line num="66" count="1" type="stmt"/>
      <line num="68" count="5" type="cond" truecount="2" falsecount="0"/>
      <line num="69" count="1" type="stmt"/>
      <line num="70" count="1" type="stmt"/>
    </file>
    <file name="config.js" path="/Users/jessielonsdale/wordball-react/client/src/model/config.js">
      <metrics statements="6" coveredstatements="6" conditionals="0" coveredconditionals="0" methods="0" coveredmethods="0"/>
      <line num="1" count="2" type="stmt"/>
      <line num="2" count="2" type="stmt"/>
      <line num="4" count="2" type="stmt"/>
      <line num="12" count="2" type="stmt"/>
      <line num="20" count="2" type="stmt"/>
      <line num="33" count="2" type="stmt"/>
    </file>
    <file name="letter.js" path="/Users/jessielonsdale/wordball-react/client/src/model/letter.js">
      <metrics statements="9" coveredstatements="9" conditionals="4" coveredconditionals="2" methods="3" coveredmethods="3"/>
      <line num="5" count="1" type="stmt"/>
      <line num="6" count="1" type="stmt"/>
      <line num="7" count="1" type="stmt"/>
      <line num="11" count="2" type="stmt"/>
      <line num="12" count="2" type="cond" truecount="1" falsecount="1"/>
      <line num="13" count="2" type="stmt"/>
      <line num="19" count="2" type="stmt"/>
      <line num="20" count="2" type="cond" truecount="1" falsecount="1"/>
      <line num="21" count="2" type="stmt"/>
    </file>
  </project>
</coverage>
