TN:
SF:/Users/jamesclark/Documents/Coding/makers-course/wordball-react/client/src/model/SkillGame.js
FN:5,(anonymous_0)
FN:22,(anonymous_1)
FN:26,(anonymous_2)
FN:34,(anonymous_3)
FN:38,(anonymous_4)
FN:44,(anonymous_5)
FN:48,(anonymous_6)
FN:50,(anonymous_7)
FN:67,(anonymous_8)
FN:74,(anonymous_9)
FNF:10
FNH:9
FNDA:7,(anonymous_0)
FNDA:1,(anonymous_1)
FNDA:2,(anonymous_2)
FNDA:4,(anonymous_3)
FNDA:0,(anonymous_4)
FNDA:1,(anonymous_5)
FNDA:1,(anonymous_6)
FNDA:1,(anonymous_7)
FNDA:1,(anonymous_8)
FNDA:1,(anonymous_9)
DA:3,1
DA:7,7
DA:8,7
DA:9,7
DA:10,7
DA:11,7
DA:13,7
DA:14,7
DA:16,7
DA:17,7
DA:18,7
DA:19,7
DA:23,1
DA:27,2
DA:28,1
DA:30,1
DA:35,4
DA:39,0
DA:40,0
DA:45,1
DA:49,1
DA:50,1
DA:51,1
DA:52,1
DA:53,1
DA:54,1
DA:56,1
DA:57,1
DA:59,1
DA:60,0
DA:61,0
DA:62,0
DA:68,1
DA:69,1
DA:70,1
DA:75,1
DA:76,1
DA:77,1
DA:78,1
DA:79,1
DA:80,0
DA:82,1
DA:83,1
LF:43
LH:37
BRDA:27,0,0,1
BRDA:27,0,1,1
BRDA:39,1,0,0
BRDA:39,1,1,0
BRDA:59,2,0,0
BRDA:59,2,1,1
BRDA:59,3,0,1
BRDA:59,3,1,1
BRDA:59,3,2,0
BRDA:59,3,3,0
BRDA:68,4,0,1
BRDA:68,4,1,0
BRDA:77,5,0,1
BRDA:77,5,1,0
BRDA:77,6,0,1
BRDA:77,6,1,1
BRDA:77,6,2,1
BRDA:77,6,3,1
BRDA:79,7,0,0
BRDA:79,7,1,1
BRF:20
BRH:12
end_of_record
TN:
SF:/Users/jamesclark/Documents/Coding/makers-course/wordball-react/client/src/model/ball.js
FN:3,(anonymous_0)
FN:25,(anonymous_1)
FN:35,(anonymous_2)
FN:41,(anonymous_3)
FN:45,(anonymous_4)
FN:50,(anonymous_5)
FN:58,(anonymous_6)
FN:62,(anonymous_7)
FNF:8
FNH:8
FNDA:13,(anonymous_0)
FNDA:7,(anonymous_1)
FNDA:3,(anonymous_2)
FNDA:3,(anonymous_3)
FNDA:1,(anonymous_4)
FNDA:1,(anonymous_5)
FNDA:1,(anonymous_6)
FNDA:5,(anonymous_7)
DA:5,13
DA:6,13
DA:8,13
DA:9,13
DA:11,13
DA:12,13
DA:14,13
DA:15,13
DA:17,13
DA:19,13
DA:20,13
DA:21,13
DA:22,13
DA:26,7
DA:27,6
DA:28,6
DA:29,6
DA:30,6
DA:31,6
DA:36,3
DA:37,1
DA:42,3
DA:46,1
DA:47,1
DA:51,1
DA:52,1
DA:53,1
DA:54,1
DA:55,1
DA:59,1
DA:63,5
DA:64,1
DA:65,1
DA:67,5
DA:68,1
DA:69,1
DA:71,5
DA:72,0
DA:73,0
LF:39
LH:37
BRDA:11,0,0,13
BRDA:11,0,1,0
BRDA:26,1,0,6
BRDA:26,1,1,1
BRDA:36,2,0,1
BRDA:36,2,1,2
BRDA:36,3,0,3
BRDA:36,3,1,2
BRDA:63,4,0,1
BRDA:63,4,1,4
BRDA:67,5,0,1
BRDA:67,5,1,4
BRDA:71,6,0,0
BRDA:71,6,1,5
BRF:14
BRH:12
end_of_record
TN:
SF:/Users/jamesclark/Documents/Coding/makers-course/wordball-react/client/src/model/config.js
FNF:0
FNH:0
DA:2,2
DA:3,2
DA:4,2
DA:5,2
DA:8,2
DA:16,2
DA:24,2
DA:42,2
LF:8
LH:8
BRF:0
BRH:0
end_of_record
TN:
SF:/Users/jamesclark/Documents/Coding/makers-course/wordball-react/client/src/model/letter.js
FN:4,(anonymous_0)
FN:10,(anonymous_1)
FN:18,(anonymous_2)
FNF:3
FNH:3
FNDA:1,(anonymous_0)
FNDA:2,(anonymous_1)
FNDA:2,(anonymous_2)
DA:5,1
DA:6,1
DA:7,1
DA:11,2
DA:12,2
DA:13,2
DA:19,2
DA:20,2
DA:21,2
LF:9
LH:9
BRDA:12,0,0,2
BRDA:12,0,1,0
BRDA:20,1,0,2
BRDA:20,1,1,0
BRF:4
BRH:2
end_of_record
