TN:
SF:/Users/jessielonsdale/wordball-react/client/src/model/ball.js
FN:2,(anonymous_0)
FN:22,(anonymous_1)
FN:32,(anonymous_2)
FN:38,(anonymous_3)
FN:42,(anonymous_4)
FN:47,(anonymous_5)
FN:55,(anonymous_6)
FN:59,(anonymous_7)
FNF:8
FNH:8
FNDA:13,(anonymous_0)
FNDA:7,(anonymous_1)
FNDA:3,(anonymous_2)
FNDA:3,(anonymous_3)
FNDA:1,(anonymous_4)
FNDA:1,(anonymous_5)
FNDA:1,(anonymous_6)
FNDA:5,(anonymous_7)
DA:4,13
DA:5,13
DA:6,13
DA:8,13
DA:9,13
DA:10,13
DA:11,13
DA:12,13
DA:14,13
DA:16,13
DA:17,13
DA:18,13
DA:19,13
DA:23,7
DA:24,6
DA:25,6
DA:26,6
DA:27,6
DA:28,6
DA:33,3
DA:34,1
DA:39,3
DA:43,1
DA:44,1
DA:48,1
DA:49,1
DA:50,1
DA:51,1
DA:52,1
DA:56,1
DA:60,5
DA:61,1
DA:62,1
DA:64,5
DA:65,1
DA:66,1
DA:68,5
DA:69,1
DA:70,1
LF:39
LH:39
BRDA:23,0,0,6
BRDA:23,0,1,1
BRDA:33,1,0,1
BRDA:33,1,1,2
BRDA:33,2,0,3
BRDA:33,2,1,2
BRDA:60,3,0,1
BRDA:60,3,1,4
BRDA:64,4,0,1
BRDA:64,4,1,4
BRDA:68,5,0,1
BRDA:68,5,1,4
BRF:12
BRH:12
end_of_record
TN:
SF:/Users/jessielonsdale/wordball-react/client/src/model/config.js
FNF:0
FNH:0
DA:1,2
DA:2,2
DA:4,2
DA:12,2
DA:20,2
DA:33,2
LF:6
LH:6
BRF:0
BRH:0
end_of_record
TN:
SF:/Users/jessielonsdale/wordball-react/client/src/model/letter.js
FN:4,(anonymous_0)
FN:10,(anonymous_1)
FN:18,(anonymous_2)
FNF:3
FNH:3
FNDA:1,(anonymous_0)
FNDA:2,(anonymous_1)
FNDA:2,(anonymous_2)
DA:5,1
DA:6,1
DA:7,1
DA:11,2
DA:12,2
DA:13,2
DA:19,2
DA:20,2
DA:21,2
LF:9
LH:9
BRDA:12,0,0,2
BRDA:12,0,1,0
BRDA:20,1,0,2
BRDA:20,1,1,0
BRF:4
BRH:2
end_of_record
